Hmm ... looks like a package
Converting parsed Rd's to LaTeX ...
Creating pdf output from LaTeX ...

This is pdfTeX, Version 3.141592653-2.6-1.40.26 (TeX Live 2024) (preloaded format=pdflatex)
 restricted \write18 enabled.
entering extended mode
LaTeX2e <2023-11-01> patch level 1
L3 programming layer <2024-03-14>
(./Rd2.tex
(/home/shkwon/.TinyTeX/texmf-dist/tex/latex/base/book.cls
Document Class: book 2023/05/17 v1.4n Standard LaTeX document class
(/home/shkwon/.TinyTeX/texmf-dist/tex/latex/base/bk10.clo)) (/usr/share/R/share/texmf/tex/latex/Rd.sty (/home/shkwon/.TinyTeX/texmf-dist/tex/latex/base/ifthen.sty) (/home/shkwon/.TinyTeX/texmf-dist/tex/latex/tools/longtable.sty) (/home/shkwon/.TinyTeX/texmf-dist/tex/latex/tools/bm.sty) (/home/shkwon/.TinyTeX/texmf-dist/tex/latex/base/alltt.sty) (/home/shkwon/.TinyTeX/texmf-dist/tex/latex/tools/verbatim.sty) (/home/shkwon/.TinyTeX/texmf-dist/tex/latex/url/url.sty) (/home/shkwon/.TinyTeX/texmf-dist/tex/latex/base/textcomp.sty) (/home/shkwon/.TinyTeX/texmf-dist/tex/latex/amsmath/amsmath.sty
For additional information on amsmath, use the `?' option.
(/home/shkwon/.TinyTeX/texmf-dist/tex/latex/amsmath/amstext.sty (/home/shkwon/.TinyTeX/texmf-dist/tex/latex/amsmath/amsgen.sty)) (/home/shkwon/.TinyTeX/texmf-dist/tex/latex/amsmath/amsbsy.sty) (/home/shkwon/.TinyTeX/texmf-dist/tex/latex/amsmath/amsopn.sty)) (/home/shkwon/.TinyTeX/texmf-dist/tex/latex/amsfonts/amsfonts.sty) (/home/shkwon/.TinyTeX/texmf-dist/tex/latex/amsfonts/amssymb.sty) (/home/shkwon/.TinyTeX/texmf-dist/tex/latex/amsfonts/eucal.sty) (/home/shkwon/.TinyTeX/texmf-dist/tex/generic/iftex/iftex.sty) (/home/shkwon/.TinyTeX/texmf-dist/tex/latex/base/fontenc.sty) (/home/shkwon/.TinyTeX/texmf-dist/tex/latex/psnfss/times.sty) (/home/shkwon/.TinyTeX/texmf-dist/tex/latex/inconsolata/zi4.sty `inconsolata-zi4' v1.12, 2019/05/17 Text macros for Inconsolata (msharpe) (/home/shkwon/.TinyTeX/texmf-dist/tex/latex/xkeyval/xkeyval.sty (/home/shkwon/.TinyTeX/texmf-dist/tex/generic/xkeyval/xkeyval.tex (/home/shkwon/.TinyTeX/texmf-dist/tex/generic/xkeyval/xkvutils.tex (/home/shkwon/.TinyTeX/texmf-dist/tex/generic/xkeyval/keyval.tex))))) (/home/shkwon/.TinyTeX/texmf-dist/tex/latex/graphics/color.sty (/home/shkwon/.TinyTeX/texmf-dist/tex/latex/graphics-cfg/color.cfg) (/home/shkwon/.TinyTeX/texmf-dist/tex/latex/graphics-def/pdftex.def) (/home/shkwon/.TinyTeX/texmf-dist/tex/latex/graphics/mathcolor.ltx)) (/home/shkwon/.TinyTeX/texmf-dist/tex/latex/hyperref/hyperref.sty (/home/shkwon/.TinyTeX/texmf-dist/tex/latex/kvsetkeys/kvsetkeys.sty) (/home/shkwon/.TinyTeX/texmf-dist/tex/generic/kvdefinekeys/kvdefinekeys.sty) (/home/shkwon/.TinyTeX/texmf-dist/tex/generic/pdfescape/pdfescape.sty (/home/shkwon/.TinyTeX/texmf-dist/tex/generic/ltxcmds/ltxcmds.sty) (/home/shkwon/.TinyTeX/texmf-dist/tex/generic/pdftexcmds/pdftexcmds.sty (/home/shkwon/.TinyTeX/texmf-dist/tex/generic/infwarerr/infwarerr.sty))) (/home/shkwon/.TinyTeX/texmf-dist/tex/latex/hycolor/hycolor.sty) (/home/shkwon/.TinyTeX/texmf-dist/tex/latex/auxhook/auxhook.sty) (/home/shkwon/.TinyTeX/texmf-dist/tex/latex/hyperref/nameref.sty (/home/shkwon/.TinyTeX/texmf-dist/tex/latex/refcount/refcount.sty) (/home/shkwon/.TinyTeX/texmf-dist/tex/generic/gettitlestring/gettitlestring.sty (/home/shkwon/.TinyTeX/texmf-dist/tex/latex/kvoptions/kvoptions.sty))) (/home/shkwon/.TinyTeX/texmf-dist/tex/latex/etoolbox/etoolbox.sty) (/home/shkwon/.TinyTeX/texmf-dist/tex/latex/hyperref/pd1enc.def) (/home/shkwon/.TinyTeX/texmf-dist/tex/generic/intcalc/intcalc.sty) (/home/shkwon/.TinyTeX/texmf-dist/tex/latex/hyperref/puenc.def) (/home/shkwon/.TinyTeX/texmf-dist/tex/generic/bitset/bitset.sty (/home/shkwon/.TinyTeX/texmf-dist/tex/generic/bigintcalc/bigintcalc.sty)) (/home/shkwon/.TinyTeX/texmf-dist/tex/latex/base/atbegshi-ltx.sty)) (/home/shkwon/.TinyTeX/texmf-dist/tex/latex/hyperref/hpdftex.def (/home/shkwon/.TinyTeX/texmf-dist/tex/latex/base/atveryend-ltx.sty) (/home/shkwon/.TinyTeX/texmf-dist/tex/latex/rerunfilecheck/rerunfilecheck.sty (/home/shkwon/.TinyTeX/texmf-dist/tex/generic/uniquecounter/uniquecounter.sty)))) (/home/shkwon/.TinyTeX/texmf-dist/tex/latex/base/makeidx.sty) (/home/shkwon/.TinyTeX/texmf-dist/tex/latex/base/inputenc.sty)
Writing index file Rd2.idx
(/home/shkwon/.TinyTeX/texmf-dist/tex/latex/psnfss/t1ptm.fd) (/home/shkwon/.TinyTeX/texmf-dist/tex/latex/l3backend/l3backend-pdftex.def)
No file Rd2.aux.
(/home/shkwon/.TinyTeX/texmf-dist/tex/latex/inconsolata/t1zi4.fd) (/home/shkwon/.TinyTeX/texmf-dist/tex/latex/amsfonts/umsa.fd) (/home/shkwon/.TinyTeX/texmf-dist/tex/latex/amsfonts/umsb.fd) (/home/shkwon/.TinyTeX/texmf-dist/tex/latex/psnfss/t1phv.fd)
No file Rd2.toc.
[1{/home/shkwon/.TinyTeX/texmf-var/fonts/map/pdftex/updmap/pdftex.map}{/home/shkwon/.TinyTeX/texmf-dist/fonts/enc/dvips/base/8r.enc}{/home/shkwon/.TinyTeX/texmf-dist/fonts/enc/dvips/inconsolata/i4-t1-0.enc}] [2] [3] [4] [5] [6] (/home/shkwon/.TinyTeX/texmf-dist/tex/latex/psnfss/ts1ptm.fd) [7] [8] [9] [10] (/home/shkwon/.TinyTeX/texmf-dist/tex/latex/inconsolata/ts1zi4.fd) [11{/home/shkwon/.TinyTeX/texmf-dist/fonts/enc/dvips/inconsolata/i4-ts1.enc}] [12] [13] [14] [15] [16] [17] [18] [19] [20] [21] [22] [23] [24] [25] [26] [27]
Underfull \hbox (badness 5133) in paragraph at lines 1366--1366
[]\T1/ptm/m/it/10 svyCreateTableOne2: Mod-i-fied svy-Cre-ateTableOne func-tion in
[28] [29] [30] [31] [32] [33] [34] [35]
Overfull \hbox (2.24715pt too wide) in paragraph at lines 1766--1766
 []\T1/zi4/m/n/9 TableSubgroupGLM(status ~ sex, var_subgroup = "kk", data = data.design, family = "binomial")[] 

Underfull \hbox (badness 2326) in paragraph at lines 1770--1770
[]\T1/ptm/m/it/10 TableSubgroupMultiCox: Mul-ti-ple sub-group anal-y-sis ta-ble for
[36]
Underfull \hbox (badness 2285) in paragraph at lines 1853--1853
[]\T1/ptm/m/it/10 TableSubgroupMultiGLM: Mul-ti-ple sub-group anal-y-sis ta-ble for
[37] [38]
No file Rd2.ind.
[39] (/tmp/RtmpIWz6UV/Rd2pdfe095b510e483/Rd2.aux)

Package rerunfilecheck Warning: File `Rd2.out' has changed.
(rerunfilecheck)                Rerun to get outlines right
(rerunfilecheck)                or use package `bookmark'.

 )
(see the transcript file for additional information)
pdfTeX warning (dest): name{Rfn.bind} has been referenced but does not exist, replaced by a fixed one


pdfTeX warning (dest): name{Rfn.svyglm} has been referenced but does not exist, replaced by a fixed one


pdfTeX warning (dest): name{Rfn.confint} has been referenced but does not exist, replaced by a fixed one


pdfTeX warning (dest): name{Rfn.coxph} has been referenced but does not exist, replaced by a fixed one


pdfTeX warning (dest): name{Rfn.map2} has been referenced but does not exist, replaced by a fixed one


pdfTeX warning (dest): name{Rfn.map} has been referenced but does not exist, replaced by a fixed one


pdfTeX warning (dest): name{Rfn.safely} has been referenced but does not exist, replaced by a fixed one


pdfTeX warning (dest): name{Rfn.AIC} has been referenced but does not exist, replaced by a fixed one


pdfTeX warning (dest): name{Rfn.svycoxph} has been referenced but does not exist, replaced by a fixed one


pdfTeX warning (dest): name{Rfn.glm} has been referenced but does not exist, replaced by a fixed one


pdfTeX warning (dest): name{Rfn.complete.cases} has been referenced but does not exist, replaced by a fixed one


pdfTeX warning (dest): name{Rfn.data.table.Rdash.package} has been referenced but does not exist, replaced by a fixed one

</home/shkwon/.TinyTeX/texmf-dist/fonts/type1/public/inconsolata/Inconsolata-zi4r.pfb></home/shkwon/.TinyTeX/texmf-dist/fonts/type1/urw/helvetic/uhvr8a.pfb></home/shkwon/.TinyTeX/texmf-dist/fonts/type1/urw/times/utmb8a.pfb></home/shkwon/.TinyTeX/texmf-dist/fonts/type1/urw/times/utmr8a.pfb></home/shkwon/.TinyTeX/texmf-dist/fonts/type1/urw/times/utmr8a.pfb></home/shkwon/.TinyTeX/texmf-dist/fonts/type1/urw/times/utmri8a.pfb>
Output written on Rd2.pdf (39 pages, 145772 bytes).
Transcript written on Rd2.log.
This is makeindex, version 2.15 [TeX Live 2022/dev] (kpathsea + Thai support).
Scanning input file Rd2.idx....done (57 entries accepted, 1 rejected).
Sorting entries....done (384 comparisons).
Generating output file Rd2.ind....done (87 lines written, 0 warnings).
Output written in Rd2.ind.
Transcript written in Rd2.ilg.
This is pdfTeX, Version 3.141592653-2.6-1.40.26 (TeX Live 2024) (preloaded format=pdflatex)
 restricted \write18 enabled.
entering extended mode
LaTeX2e <2023-11-01> patch level 1
L3 programming layer <2024-03-14>
(./Rd2.tex
(/home/shkwon/.TinyTeX/texmf-dist/tex/latex/base/book.cls
Document Class: book 2023/05/17 v1.4n Standard LaTeX document class
(/home/shkwon/.TinyTeX/texmf-dist/tex/latex/base/bk10.clo)) (/usr/share/R/share/texmf/tex/latex/Rd.sty (/home/shkwon/.TinyTeX/texmf-dist/tex/latex/base/ifthen.sty) (/home/shkwon/.TinyTeX/texmf-dist/tex/latex/tools/longtable.sty) (/home/shkwon/.TinyTeX/texmf-dist/tex/latex/tools/bm.sty) (/home/shkwon/.TinyTeX/texmf-dist/tex/latex/base/alltt.sty) (/home/shkwon/.TinyTeX/texmf-dist/tex/latex/tools/verbatim.sty) (/home/shkwon/.TinyTeX/texmf-dist/tex/latex/url/url.sty) (/home/shkwon/.TinyTeX/texmf-dist/tex/latex/base/textcomp.sty) (/home/shkwon/.TinyTeX/texmf-dist/tex/latex/amsmath/amsmath.sty
For additional information on amsmath, use the `?' option.
(/home/shkwon/.TinyTeX/texmf-dist/tex/latex/amsmath/amstext.sty (/home/shkwon/.TinyTeX/texmf-dist/tex/latex/amsmath/amsgen.sty)) (/home/shkwon/.TinyTeX/texmf-dist/tex/latex/amsmath/amsbsy.sty) (/home/shkwon/.TinyTeX/texmf-dist/tex/latex/amsmath/amsopn.sty)) (/home/shkwon/.TinyTeX/texmf-dist/tex/latex/amsfonts/amsfonts.sty) (/home/shkwon/.TinyTeX/texmf-dist/tex/latex/amsfonts/amssymb.sty) (/home/shkwon/.TinyTeX/texmf-dist/tex/latex/amsfonts/eucal.sty) (/home/shkwon/.TinyTeX/texmf-dist/tex/generic/iftex/iftex.sty) (/home/shkwon/.TinyTeX/texmf-dist/tex/latex/base/fontenc.sty) (/home/shkwon/.TinyTeX/texmf-dist/tex/latex/psnfss/times.sty) (/home/shkwon/.TinyTeX/texmf-dist/tex/latex/inconsolata/zi4.sty `inconsolata-zi4' v1.12, 2019/05/17 Text macros for Inconsolata (msharpe) (/home/shkwon/.TinyTeX/texmf-dist/tex/latex/xkeyval/xkeyval.sty (/home/shkwon/.TinyTeX/texmf-dist/tex/generic/xkeyval/xkeyval.tex (/home/shkwon/.TinyTeX/texmf-dist/tex/generic/xkeyval/xkvutils.tex (/home/shkwon/.TinyTeX/texmf-dist/tex/generic/xkeyval/keyval.tex))))) (/home/shkwon/.TinyTeX/texmf-dist/tex/latex/graphics/color.sty (/home/shkwon/.TinyTeX/texmf-dist/tex/latex/graphics-cfg/color.cfg) (/home/shkwon/.TinyTeX/texmf-dist/tex/latex/graphics-def/pdftex.def) (/home/shkwon/.TinyTeX/texmf-dist/tex/latex/graphics/mathcolor.ltx)) (/home/shkwon/.TinyTeX/texmf-dist/tex/latex/hyperref/hyperref.sty (/home/shkwon/.TinyTeX/texmf-dist/tex/latex/kvsetkeys/kvsetkeys.sty) (/home/shkwon/.TinyTeX/texmf-dist/tex/generic/kvdefinekeys/kvdefinekeys.sty) (/home/shkwon/.TinyTeX/texmf-dist/tex/generic/pdfescape/pdfescape.sty (/home/shkwon/.TinyTeX/texmf-dist/tex/generic/ltxcmds/ltxcmds.sty) (/home/shkwon/.TinyTeX/texmf-dist/tex/generic/pdftexcmds/pdftexcmds.sty (/home/shkwon/.TinyTeX/texmf-dist/tex/generic/infwarerr/infwarerr.sty))) (/home/shkwon/.TinyTeX/texmf-dist/tex/latex/hycolor/hycolor.sty) (/home/shkwon/.TinyTeX/texmf-dist/tex/latex/auxhook/auxhook.sty) (/home/shkwon/.TinyTeX/texmf-dist/tex/latex/hyperref/nameref.sty (/home/shkwon/.TinyTeX/texmf-dist/tex/latex/refcount/refcount.sty) (/home/shkwon/.TinyTeX/texmf-dist/tex/generic/gettitlestring/gettitlestring.sty (/home/shkwon/.TinyTeX/texmf-dist/tex/latex/kvoptions/kvoptions.sty))) (/home/shkwon/.TinyTeX/texmf-dist/tex/latex/etoolbox/etoolbox.sty) (/home/shkwon/.TinyTeX/texmf-dist/tex/latex/hyperref/pd1enc.def) (/home/shkwon/.TinyTeX/texmf-dist/tex/generic/intcalc/intcalc.sty) (/home/shkwon/.TinyTeX/texmf-dist/tex/latex/hyperref/puenc.def) (/home/shkwon/.TinyTeX/texmf-dist/tex/generic/bitset/bitset.sty (/home/shkwon/.TinyTeX/texmf-dist/tex/generic/bigintcalc/bigintcalc.sty)) (/home/shkwon/.TinyTeX/texmf-dist/tex/latex/base/atbegshi-ltx.sty)) (/home/shkwon/.TinyTeX/texmf-dist/tex/latex/hyperref/hpdftex.def (/home/shkwon/.TinyTeX/texmf-dist/tex/latex/base/atveryend-ltx.sty) (/home/shkwon/.TinyTeX/texmf-dist/tex/latex/rerunfilecheck/rerunfilecheck.sty (/home/shkwon/.TinyTeX/texmf-dist/tex/generic/uniquecounter/uniquecounter.sty)))) (/home/shkwon/.TinyTeX/texmf-dist/tex/latex/base/makeidx.sty) (/home/shkwon/.TinyTeX/texmf-dist/tex/latex/base/inputenc.sty)
Writing index file Rd2.idx
(/home/shkwon/.TinyTeX/texmf-dist/tex/latex/psnfss/t1ptm.fd) (/home/shkwon/.TinyTeX/texmf-dist/tex/latex/l3backend/l3backend-pdftex.def) (/tmp/RtmpIWz6UV/Rd2pdfe095b510e483/Rd2.aux) (/tmp/RtmpIWz6UV/Rd2pdfe095b510e483/Rd2.out) (/tmp/RtmpIWz6UV/Rd2pdfe095b510e483/Rd2.out) (/home/shkwon/.TinyTeX/texmf-dist/tex/latex/inconsolata/t1zi4.fd) (/home/shkwon/.TinyTeX/texmf-dist/tex/latex/amsfonts/umsa.fd) (/home/shkwon/.TinyTeX/texmf-dist/tex/latex/amsfonts/umsb.fd) (/home/shkwon/.TinyTeX/texmf-dist/tex/latex/psnfss/t1phv.fd) (/tmp/RtmpIWz6UV/Rd2pdfe095b510e483/Rd2.toc [1{/home/shkwon/.TinyTeX/texmf-var/fonts/map/pdftex/updmap/pdftex.map}{/home/shkwon/.TinyTeX/texmf-dist/fonts/enc/dvips/base/8r.enc}{/home/shkwon/.TinyTeX/texmf-dist/fonts/enc/dvips/inconsolata/i4-t1-0.enc}]) [2] [3] [4] [5] [6] [7] (/home/shkwon/.TinyTeX/texmf-dist/tex/latex/psnfss/ts1ptm.fd) [8] [9] [10] (/home/shkwon/.TinyTeX/texmf-dist/tex/latex/inconsolata/ts1zi4.fd) [11{/home/shkwon/.TinyTeX/texmf-dist/fonts/enc/dvips/inconsolata/i4-ts1.enc}] [12] [13] [14] [15] [16] [17] [18] [19] [20] [21] [22] [23] [24] [25] [26] [27] [28]
Underfull \hbox (badness 5133) in paragraph at lines 1366--1366
[]\T1/ptm/m/it/10 svyCreateTableOne2: Mod-i-fied svy-Cre-ateTableOne func-tion in
[29] [30] [31] [32] [33] [34] [35] [36]
Overfull \hbox (2.24715pt too wide) in paragraph at lines 1766--1766
 []\T1/zi4/m/n/9 TableSubgroupGLM(status ~ sex, var_subgroup = "kk", data = data.design, family = "binomial")[] 

Underfull \hbox (badness 2326) in paragraph at lines 1770--1770
[]\T1/ptm/m/it/10 TableSubgroupMultiCox: Mul-ti-ple sub-group anal-y-sis ta-ble for
[37]
Underfull \hbox (badness 2285) in paragraph at lines 1853--1853
[]\T1/ptm/m/it/10 TableSubgroupMultiGLM: Mul-ti-ple sub-group anal-y-sis ta-ble for
[38] [39] (/tmp/RtmpIWz6UV/Rd2pdfe095b510e483/Rd2.ind [40] [41]) (/tmp/RtmpIWz6UV/Rd2pdfe095b510e483/Rd2.aux)

Package rerunfilecheck Warning: File `Rd2.out' has changed.
(rerunfilecheck)                Rerun to get outlines right
(rerunfilecheck)                or use package `bookmark'.

 )
(see the transcript file for additional information)
pdfTeX warning (dest): name{Rfn.bind} has been referenced but does not exist, replaced by a fixed one


pdfTeX warning (dest): name{Rfn.svyglm} has been referenced but does not exist, replaced by a fixed one


pdfTeX warning (dest): name{Rfn.confint} has been referenced but does not exist, replaced by a fixed one


pdfTeX warning (dest): name{Rfn.coxph} has been referenced but does not exist, replaced by a fixed one


pdfTeX warning (dest): name{Rfn.map2} has been referenced but does not exist, replaced by a fixed one


pdfTeX warning (dest): name{Rfn.map} has been referenced but does not exist, replaced by a fixed one


pdfTeX warning (dest): name{Rfn.safely} has been referenced but does not exist, replaced by a fixed one


pdfTeX warning (dest): name{Rfn.AIC} has been referenced but does not exist, replaced by a fixed one


pdfTeX warning (dest): name{Rfn.svycoxph} has been referenced but does not exist, replaced by a fixed one


pdfTeX warning (dest): name{Rfn.glm} has been referenced but does not exist, replaced by a fixed one


pdfTeX warning (dest): name{Rfn.complete.cases} has been referenced but does not exist, replaced by a fixed one


pdfTeX warning (dest): name{Rfn.data.table.Rdash.package} has been referenced but does not exist, replaced by a fixed one

</home/shkwon/.TinyTeX/texmf-dist/fonts/type1/public/inconsolata/Inconsolata-zi4r.pfb></home/shkwon/.TinyTeX/texmf-dist/fonts/type1/public/amsfonts/cm/cmsy10.pfb></home/shkwon/.TinyTeX/texmf-dist/fonts/type1/urw/helvetic/uhvr8a.pfb></home/shkwon/.TinyTeX/texmf-dist/fonts/type1/urw/times/utmb8a.pfb></home/shkwon/.TinyTeX/texmf-dist/fonts/type1/urw/times/utmr8a.pfb></home/shkwon/.TinyTeX/texmf-dist/fonts/type1/urw/times/utmr8a.pfb></home/shkwon/.TinyTeX/texmf-dist/fonts/type1/urw/times/utmri8a.pfb>
Output written on Rd2.pdf (41 pages, 161940 bytes).
Transcript written on Rd2.log.
This is makeindex, version 2.15 [TeX Live 2022/dev] (kpathsea + Thai support).
Scanning input file Rd2.idx....done (57 entries accepted, 1 rejected).
Sorting entries....done (384 comparisons).
Generating output file Rd2.ind....done (87 lines written, 0 warnings).
Output written in Rd2.ind.
Transcript written in Rd2.ilg.
This is pdfTeX, Version 3.141592653-2.6-1.40.26 (TeX Live 2024) (preloaded format=pdflatex)
 restricted \write18 enabled.
entering extended mode
LaTeX2e <2023-11-01> patch level 1
L3 programming layer <2024-03-14>
(./Rd2.tex
(/home/shkwon/.TinyTeX/texmf-dist/tex/latex/base/book.cls
Document Class: book 2023/05/17 v1.4n Standard LaTeX document class
(/home/shkwon/.TinyTeX/texmf-dist/tex/latex/base/bk10.clo)) (/usr/share/R/share/texmf/tex/latex/Rd.sty (/home/shkwon/.TinyTeX/texmf-dist/tex/latex/base/ifthen.sty) (/home/shkwon/.TinyTeX/texmf-dist/tex/latex/tools/longtable.sty) (/home/shkwon/.TinyTeX/texmf-dist/tex/latex/tools/bm.sty) (/home/shkwon/.TinyTeX/texmf-dist/tex/latex/base/alltt.sty) (/home/shkwon/.TinyTeX/texmf-dist/tex/latex/tools/verbatim.sty) (/home/shkwon/.TinyTeX/texmf-dist/tex/latex/url/url.sty) (/home/shkwon/.TinyTeX/texmf-dist/tex/latex/base/textcomp.sty) (/home/shkwon/.TinyTeX/texmf-dist/tex/latex/amsmath/amsmath.sty
For additional information on amsmath, use the `?' option.
(/home/shkwon/.TinyTeX/texmf-dist/tex/latex/amsmath/amstext.sty (/home/shkwon/.TinyTeX/texmf-dist/tex/latex/amsmath/amsgen.sty)) (/home/shkwon/.TinyTeX/texmf-dist/tex/latex/amsmath/amsbsy.sty) (/home/shkwon/.TinyTeX/texmf-dist/tex/latex/amsmath/amsopn.sty)) (/home/shkwon/.TinyTeX/texmf-dist/tex/latex/amsfonts/amsfonts.sty) (/home/shkwon/.TinyTeX/texmf-dist/tex/latex/amsfonts/amssymb.sty) (/home/shkwon/.TinyTeX/texmf-dist/tex/latex/amsfonts/eucal.sty) (/home/shkwon/.TinyTeX/texmf-dist/tex/generic/iftex/iftex.sty) (/home/shkwon/.TinyTeX/texmf-dist/tex/latex/base/fontenc.sty) (/home/shkwon/.TinyTeX/texmf-dist/tex/latex/psnfss/times.sty) (/home/shkwon/.TinyTeX/texmf-dist/tex/latex/inconsolata/zi4.sty `inconsolata-zi4' v1.12, 2019/05/17 Text macros for Inconsolata (msharpe) (/home/shkwon/.TinyTeX/texmf-dist/tex/latex/xkeyval/xkeyval.sty (/home/shkwon/.TinyTeX/texmf-dist/tex/generic/xkeyval/xkeyval.tex (/home/shkwon/.TinyTeX/texmf-dist/tex/generic/xkeyval/xkvutils.tex (/home/shkwon/.TinyTeX/texmf-dist/tex/generic/xkeyval/keyval.tex))))) (/home/shkwon/.TinyTeX/texmf-dist/tex/latex/graphics/color.sty (/home/shkwon/.TinyTeX/texmf-dist/tex/latex/graphics-cfg/color.cfg) (/home/shkwon/.TinyTeX/texmf-dist/tex/latex/graphics-def/pdftex.def) (/home/shkwon/.TinyTeX/texmf-dist/tex/latex/graphics/mathcolor.ltx)) (/home/shkwon/.TinyTeX/texmf-dist/tex/latex/hyperref/hyperref.sty (/home/shkwon/.TinyTeX/texmf-dist/tex/latex/kvsetkeys/kvsetkeys.sty) (/home/shkwon/.TinyTeX/texmf-dist/tex/generic/kvdefinekeys/kvdefinekeys.sty) (/home/shkwon/.TinyTeX/texmf-dist/tex/generic/pdfescape/pdfescape.sty (/home/shkwon/.TinyTeX/texmf-dist/tex/generic/ltxcmds/ltxcmds.sty) (/home/shkwon/.TinyTeX/texmf-dist/tex/generic/pdftexcmds/pdftexcmds.sty (/home/shkwon/.TinyTeX/texmf-dist/tex/generic/infwarerr/infwarerr.sty))) (/home/shkwon/.TinyTeX/texmf-dist/tex/latex/hycolor/hycolor.sty) (/home/shkwon/.TinyTeX/texmf-dist/tex/latex/auxhook/auxhook.sty) (/home/shkwon/.TinyTeX/texmf-dist/tex/latex/hyperref/nameref.sty (/home/shkwon/.TinyTeX/texmf-dist/tex/latex/refcount/refcount.sty) (/home/shkwon/.TinyTeX/texmf-dist/tex/generic/gettitlestring/gettitlestring.sty (/home/shkwon/.TinyTeX/texmf-dist/tex/latex/kvoptions/kvoptions.sty))) (/home/shkwon/.TinyTeX/texmf-dist/tex/latex/etoolbox/etoolbox.sty) (/home/shkwon/.TinyTeX/texmf-dist/tex/latex/hyperref/pd1enc.def) (/home/shkwon/.TinyTeX/texmf-dist/tex/generic/intcalc/intcalc.sty) (/home/shkwon/.TinyTeX/texmf-dist/tex/latex/hyperref/puenc.def) (/home/shkwon/.TinyTeX/texmf-dist/tex/generic/bitset/bitset.sty (/home/shkwon/.TinyTeX/texmf-dist/tex/generic/bigintcalc/bigintcalc.sty)) (/home/shkwon/.TinyTeX/texmf-dist/tex/latex/base/atbegshi-ltx.sty)) (/home/shkwon/.TinyTeX/texmf-dist/tex/latex/hyperref/hpdftex.def (/home/shkwon/.TinyTeX/texmf-dist/tex/latex/base/atveryend-ltx.sty) (/home/shkwon/.TinyTeX/texmf-dist/tex/latex/rerunfilecheck/rerunfilecheck.sty (/home/shkwon/.TinyTeX/texmf-dist/tex/generic/uniquecounter/uniquecounter.sty)))) (/home/shkwon/.TinyTeX/texmf-dist/tex/latex/base/makeidx.sty) (/home/shkwon/.TinyTeX/texmf-dist/tex/latex/base/inputenc.sty)
Writing index file Rd2.idx
(/home/shkwon/.TinyTeX/texmf-dist/tex/latex/psnfss/t1ptm.fd) (/home/shkwon/.TinyTeX/texmf-dist/tex/latex/l3backend/l3backend-pdftex.def) (/tmp/RtmpIWz6UV/Rd2pdfe095b510e483/Rd2.aux) (/tmp/RtmpIWz6UV/Rd2pdfe095b510e483/Rd2.out) (/tmp/RtmpIWz6UV/Rd2pdfe095b510e483/Rd2.out) (/home/shkwon/.TinyTeX/texmf-dist/tex/latex/inconsolata/t1zi4.fd) (/home/shkwon/.TinyTeX/texmf-dist/tex/latex/amsfonts/umsa.fd) (/home/shkwon/.TinyTeX/texmf-dist/tex/latex/amsfonts/umsb.fd) (/home/shkwon/.TinyTeX/texmf-dist/tex/latex/psnfss/t1phv.fd) (/tmp/RtmpIWz6UV/Rd2pdfe095b510e483/Rd2.toc [1{/home/shkwon/.TinyTeX/texmf-var/fonts/map/pdftex/updmap/pdftex.map}{/home/shkwon/.TinyTeX/texmf-dist/fonts/enc/dvips/base/8r.enc}{/home/shkwon/.TinyTeX/texmf-dist/fonts/enc/dvips/inconsolata/i4-t1-0.enc}]) [2] [3] [4] [5] [6] [7] (/home/shkwon/.TinyTeX/texmf-dist/tex/latex/psnfss/ts1ptm.fd) [8] [9] [10] (/home/shkwon/.TinyTeX/texmf-dist/tex/latex/inconsolata/ts1zi4.fd) [11{/home/shkwon/.TinyTeX/texmf-dist/fonts/enc/dvips/inconsolata/i4-ts1.enc}] [12] [13] [14] [15] [16] [17] [18] [19] [20] [21] [22] [23] [24] [25] [26] [27] [28]
Underfull \hbox (badness 5133) in paragraph at lines 1366--1366
[]\T1/ptm/m/it/10 svyCreateTableOne2: Mod-i-fied svy-Cre-ateTableOne func-tion in
[29] [30] [31] [32] [33] [34] [35] [36]
Overfull \hbox (2.24715pt too wide) in paragraph at lines 1766--1766
 []\T1/zi4/m/n/9 TableSubgroupGLM(status ~ sex, var_subgroup = "kk", data = data.design, family = "binomial")[] 

Underfull \hbox (badness 2326) in paragraph at lines 1770--1770
[]\T1/ptm/m/it/10 TableSubgroupMultiCox: Mul-ti-ple sub-group anal-y-sis ta-ble for
[37]
Underfull \hbox (badness 2285) in paragraph at lines 1853--1853
[]\T1/ptm/m/it/10 TableSubgroupMultiGLM: Mul-ti-ple sub-group anal-y-sis ta-ble for
[38] [39] (/tmp/RtmpIWz6UV/Rd2pdfe095b510e483/Rd2.ind [40] [41]) (/tmp/RtmpIWz6UV/Rd2pdfe095b510e483/Rd2.aux) )
(see the transcript file for additional information)
pdfTeX warning (dest): name{Rfn.bind} has been referenced but does not exist, replaced by a fixed one


pdfTeX warning (dest): name{Rfn.svyglm} has been referenced but does not exist, replaced by a fixed one


pdfTeX warning (dest): name{Rfn.confint} has been referenced but does not exist, replaced by a fixed one


pdfTeX warning (dest): name{Rfn.coxph} has been referenced but does not exist, replaced by a fixed one


pdfTeX warning (dest): name{Rfn.map2} has been referenced but does not exist, replaced by a fixed one


pdfTeX warning (dest): name{Rfn.map} has been referenced but does not exist, replaced by a fixed one


pdfTeX warning (dest): name{Rfn.safely} has been referenced but does not exist, replaced by a fixed one


pdfTeX warning (dest): name{Rfn.AIC} has been referenced but does not exist, replaced by a fixed one


pdfTeX warning (dest): name{Rfn.svycoxph} has been referenced but does not exist, replaced by a fixed one


pdfTeX warning (dest): name{Rfn.glm} has been referenced but does not exist, replaced by a fixed one


pdfTeX warning (dest): name{Rfn.complete.cases} has been referenced but does not exist, replaced by a fixed one


pdfTeX warning (dest): name{Rfn.data.table.Rdash.package} has been referenced but does not exist, replaced by a fixed one

</home/shkwon/.TinyTeX/texmf-dist/fonts/type1/public/inconsolata/Inconsolata-zi4r.pfb></home/shkwon/.TinyTeX/texmf-dist/fonts/type1/public/amsfonts/cm/cmsy10.pfb></home/shkwon/.TinyTeX/texmf-dist/fonts/type1/urw/helvetic/uhvr8a.pfb></home/shkwon/.TinyTeX/texmf-dist/fonts/type1/urw/times/utmb8a.pfb></home/shkwon/.TinyTeX/texmf-dist/fonts/type1/urw/times/utmr8a.pfb></home/shkwon/.TinyTeX/texmf-dist/fonts/type1/urw/times/utmr8a.pfb></home/shkwon/.TinyTeX/texmf-dist/fonts/type1/urw/times/utmri8a.pfb>
Output written on Rd2.pdf (41 pages, 162916 bytes).
Transcript written on Rd2.log.
Saving output to ‘jstable-manual.pdf’ ...
Done
You may want to clean up by 'rm -Rf /tmp/RtmpIWz6UV/Rd2pdfe095b510e483'
